[2019-12-10 19:51:42] live.ERROR: SQLSTATE[42000]: Syntax error or access violation: 1066 Not unique table/alias: 'at' (SQL: select count(*) as aggregate from (select `accounts`.`name`, `account_number`, `accounts`.`note`, `accounts`.`id`, `accounts`.`account_type_id`, `at`.`name` as `account_type_name`, `pat`.`name` as `parent_account_type_name`, `is_closed`, SUM( IF(AT.type='credit', amount, -1*amount) ) as balance from `accounts` left join `account_transactions` as `AT` on `AT`.`account_id` = `accounts`.`id` and `AT`.`deleted_at` is null left join `account_types` as `at` on `accounts`.`account_type_id` = `at`.`id` left join `account_types` as `pat` on `at`.`parent_account_type_id` = `pat`.`id` where `accounts`.`business_id` = 1 and `accounts`.`deleted_at` is null group by `accounts`.`id`) count_row_table) {"userId":1,"email":"nagarpallav007@gmail.com","exception":"[object] (Yajra\\DataTables\\Exceptions\\Exception(code: 0): SQLSTATE[42000]: Syntax error or access violation: 1066 Not unique table/alias: 'at' (SQL: select count(*) as aggregate from (select `accounts`.`name`, `account_number`, `accounts`.`note`, `accounts`.`id`, `accounts`.`account_type_id`, `at`.`name` as `account_type_name`, `pat`.`name` as `parent_account_type_name`, `is_closed`, SUM( IF(AT.type='credit', amount, -1*amount) ) as balance from `accounts` left join `account_transactions` as `AT` on `AT`.`account_id` = `accounts`.`id` and `AT`.`deleted_at` is null left join `account_types` as `at` on `accounts`.`account_type_id` = `at`.`id` left join `account_types` as `pat` on `at`.`parent_account_type_id` = `pat`.`id` where `accounts`.`business_id` = 1 and `accounts`.`deleted_at` is null group by `accounts`.`id`) count_row_table) at C:\\xampp\\htdocs\\pallav\\ultimatepos217\\UltimatePOS-CodeBase-V2.17\\vendor\\yajra\\laravel-datatables-oracle\\src\\DataTableAbstract.php:778, Illuminate\\Database\\QueryException(code: 42000): SQLSTATE[42000]: Syntax error or access violation: 1066 Not unique table/alias: 'at' (SQL: select count(*) as aggregate from (select `accounts`.`name`, `account_number`, `accounts`.`note`, `accounts`.`id`, `accounts`.`account_type_id`, `at`.`name` as `account_type_name`, `pat`.`name` as `parent_account_type_name`, `is_closed`, SUM( IF(AT.type='credit', amount, -1*amount) ) as balance from `accounts` left join `account_transactions` as `AT` on `AT`.`account_id` = `accounts`.`id` and `AT`.`deleted_at` is null left join `account_types` as `at` on `accounts`.`account_type_id` = `at`.`id` left join `account_types` as `pat` on `at`.`parent_account_type_id` = `pat`.`id` where `accounts`.`business_id` = 1 and `accounts`.`deleted_at` is null group by `accounts`.`id`) count_row_table) at C:\\xampp\\htdocs\\pallav\\ultimatepos217\\UltimatePOS-CodeBase-V2.17\\vendor\\laravel\\framework\\src\\Illuminate\\Database\\Connection.php:664, PDOException(code: 42000): SQLSTATE[42000]: Syntax error or access violation: 1066 Not unique table/alias: 'at' at C:\\xampp\\htdocs\\pallav\\ultimatepos217\\UltimatePOS-CodeBase-V2.17\\vendor\\laravel\\framework\\src\\Illuminate\\Database\\Connection.php:326)
[stacktrace]
#0 C:\\xampp\\htdocs\\pallav\\ultimatepos217\\UltimatePOS-CodeBase-V2.17\\vendor\\yajra\\laravel-datatables-oracle\\src\\QueryDataTable.php(106): Yajra\\DataTables\\DataTableAbstract->errorResponse(Object(Illuminate\\Database\\QueryException))
#1 C:\\xampp\\htdocs\\pallav\\ultimatepos217\\UltimatePOS-CodeBase-V2.17\\app\\Http\\Controllers\\AccountController.php(112): Yajra\\DataTables\\QueryDataTable->make(true)
#2 [internal function]: App\\Http\\Controllers\\AccountController->index()
#3 C:\\xampp\\htdocs\\pallav\\ultimatepos217\\UltimatePOS-CodeBase-V2.17\\vendor\\laravel\\framework\\src\\Illuminate\\Routing\\Controller.php(54): call_user_func_array(Array, Array)
#4 C:\\xampp\\htdocs\\pallav\\ultimatepos217\\UltimatePOS-CodeBase-V2.17\\vendor\\laravel\\framework\\src\\Illuminate\\Routing\\ControllerDispatcher.php(45): Illuminate\\Routing\\Controller->callAction('index', Array)
#5 C:\\xampp\\htdocs\\pallav\\ultimatepos217\\UltimatePOS-CodeBase-V2.17\\vendor\\laravel\\framework\\src\\Illuminate\\Routing\\Route.php(219): Illuminate\\Routing\\ControllerDispatcher->dispatch(Object(Illuminate\\Routing\\Route), Object(App\\Http\\Controllers\\AccountController), 'index')
#6 C:\\xampp\\htdocs\\pallav\\ultimatepos217\\UltimatePOS-CodeBase-V2.17\\vendor\\laravel\\framework\\src\\Illuminate\\Routing\\Route.php(176): Illuminate\\Routing\\Route->runController()
#7 C:\\xampp\\htdocs\\pallav\\ultimatepos217\\UltimatePOS-CodeBase-V2.17\\vendor\\laravel\\framework\\src\\Illuminate\\Routing\\Router.php(682): Illuminate\\Routing\\Route->run()
#8 C:\\xampp\\htdocs\\pallav\\ultimatepos217\\UltimatePOS-CodeBase-V2.17\\vendor\\laravel\\framework\\src\\Illuminate\\Routing\\Pipeline.php(30): Illuminate\\Routing\\Router->Illuminate\\Routing\\{closure}(Object(Illuminate\\Http\\Request))
#9 C:\\xampp\\htdocs\\pallav\\ultimatepos217\\UltimatePOS-CodeBase-V2.17\\app\\Http\\Middleware\\Timezone.php(27): Illuminate\\Routing\\Pipeline->Illuminate\\Routing\\{closure}(Object(Illuminate\\Http\\Request))
#10 C:\\xampp\\htdocs\\pallav\\ultimatepos217\\UltimatePOS-CodeBase-V2.17\\vendor\\laravel\\framework\\src\\Illuminate\\Pipeline\\Pipeline.php(163): App\\Http\\Middleware\\Timezone->handle(Object(Illuminate\\Http\\Request), Object(Closure))
#11 C:\\xampp\\htdocs\\pallav\\ultimatepos217\\UltimatePOS-CodeBase-V2.17\\vendor\\laravel\\framework\\src\\Illuminate\\Routing\\Pipeline.php(53): Illuminate\\Pipeline\\Pipeline->Illuminate\\Pipeline\\{closure}(Object(Illuminate\\Http\\Request))
#12 C:\\xampp\\htdocs\\pallav\\ultimatepos217\\UltimatePOS-CodeBase-V2.17\\app\\Http\\Middleware\\Language.php(27): Illuminate\\Routing\\Pipeline->Illuminate\\Routing\\{closure}(Object(Illuminate\\Http\\Request))
#13 C:\\xampp\\htdocs\\pallav\\ultimatepos217\\UltimatePOS-CodeBase-V2.17\\vendor\\laravel\\framework\\src\\Illuminate\\Pipeline\\Pipeline.php(163): App\\Http\\Middleware\\Language->handle(Object(Illuminate\\Http\\Request), Object(Closure))
#14 C:\\xampp\\htdocs\\pallav\\ultimatepos217\\UltimatePOS-CodeBase-V2.17\\vendor\\laravel\\framework\\src\\Illuminate\\Routing\\Pipeline.php(53): Illuminate\\Pipeline\\Pipeline->Illuminate\\Pipeline\\{closure}(Object(Illuminate\\Http\\Request))
#15 C:\\xampp\\htdocs\\pallav\\ultimatepos217\\UltimatePOS-CodeBase-V2.17\\app\\Http\\Middleware\\SetSessionData.php(53): Illuminate\\Routing\\Pipeline->Illuminate\\Routing\\{closure}(Object(Illuminate\\Http\\Request))
#16 C:\\xampp\\htdocs\\pallav\\ultimatepos217\\UltimatePOS-CodeBase-V2.17\\vendor\\laravel\\framework\\src\\Illuminate\\Pipeline\\Pipeline.php(163): App\\Http\\Middleware\\SetSessionData->handle(Object(Illuminate\\Http\\Request), Object(Closure))
#17 C:\\xampp\\htdocs\\pallav\\ultimatepos217\\UltimatePOS-CodeBase-V2.17\\vendor\\laravel\\framework\\src\\Illuminate\\Routing\\Pipeline.php(53): Illuminate\\Pipeline\\Pipeline->Illuminate\\Pipeline\\{closure}(Object(Illuminate\\Http\\Request))
#18 C:\\xampp\\htdocs\\pallav\\ultimatepos217\\UltimatePOS-CodeBase-V2.17\\vendor\\laravel\\framework\\src\\Illuminate\\Routing\\Middleware\\SubstituteBindings.php(41): Illuminate\\Routing\\Pipeline->Illuminate\\Routing\\{closure}(Object(Illuminate\\Http\\Request))
#19 C:\\xampp\\htdocs\\pallav\\ultimatepos217\\UltimatePOS-CodeBase-V2.17\\vendor\\laravel\\framework\\src\\Illuminate\\Pipeline\\Pipeline.php(163): Illuminate\\Routing\\Middleware\\SubstituteBindings->handle(Object(Illuminate\\Http\\Request), Object(Closure))
#20 C:\\xampp\\htdocs\\pallav\\ultimatepos217\\UltimatePOS-CodeBase-V2.17\\vendor\\laravel\\framework\\src\\Illuminate\\Routing\\Pipeline.php(53): Illuminate\\Pipeline\\Pipeline->Illuminate\\Pipeline\\{closure}(Object(Illuminate\\Http\\Request))
#21 C:\\xampp\\htdocs\\pallav\\ultimatepos217\\UltimatePOS-CodeBase-V2.17\\vendor\\laravel\\framework\\src\\Illuminate\\Auth\\Middleware\\Authenticate.php(43): Illuminate\\Routing\\Pipeline->Illuminate\\Routing\\{closure}(Object(Illuminate\\Http\\Request))
#22 C:\\xampp\\htdocs\\pallav\\ultimatepos217\\UltimatePOS-CodeBase-V2.17\\vendor\\laravel\\framework\\src\\Illuminate\\Pipeline\\Pipeline.php(163): Illuminate\\Auth\\Middleware\\Authenticate->handle(Object(Illuminate\\Http\\Request), Object(Closure))
#23 C:\\xampp\\htdocs\\pallav\\ultimatepos217\\UltimatePOS-CodeBase-V2.17\\vendor\\laravel\\framework\\src\\Illuminate\\Routing\\Pipeline.php(53): Illuminate\\Pipeline\\Pipeline->Illuminate\\Pipeline\\{closure}(Object(Illuminate\\Http\\Request))
#24 C:\\xampp\\htdocs\\pallav\\ultimatepos217\\UltimatePOS-CodeBase-V2.17\\vendor\\laravel\\framework\\src\\Illuminate\\Foundation\\Http\\Middleware\\VerifyCsrfToken.php(75): Illuminate\\Routing\\Pipeline->Illuminate\\Routing\\{closure}(Object(Illuminate\\Http\\Request))
#25 C:\\xampp\\htdocs\\pallav\\ultimatepos217\\UltimatePOS-CodeBase-V2.17\\vendor\\laravel\\framework\\src\\Illuminate\\Pipeline\\Pipeline.php(163): Illuminate\\Foundation\\Http\\Middleware\\VerifyCsrfToken->handle(Object(Illuminate\\Http\\Request), Object(Closure))
#26 C:\\xampp\\htdocs\\pallav\\ultimatepos217\\UltimatePOS-CodeBase-V2.17\\vendor\\laravel\\framework\\src\\Illuminate\\Routing\\Pipeline.php(53): Illuminate\\Pipeline\\Pipeline->Illuminate\\Pipeline\\{closure}(Object(Illuminate\\Http\\Request))
#27 C:\\xampp\\htdocs\\pallav\\ultimatepos217\\UltimatePOS-CodeBase-V2.17\\vendor\\laravel\\framework\\src\\Illuminate\\View\\Middleware\\ShareErrorsFromSession.php(49): Illuminate\\Routing\\Pipeline->Illuminate\\Routing\\{closure}(Object(Illuminate\\Http\\Request))
#28 C:\\xampp\\htdocs\\pallav\\ultimatepos217\\UltimatePOS-CodeBase-V2.17\\vendor\\laravel\\framework\\src\\Illuminate\\Pipeline\\Pipeline.php(163): Illuminate\\View\\Middleware\\ShareErrorsFromSession->handle(Object(Illuminate\\Http\\Request), Object(Closure))
#29 C:\\xampp\\htdocs\\pallav\\ultimatepos217\\UltimatePOS-CodeBase-V2.17\\vendor\\laravel\\framework\\src\\Illuminate\\Routing\\Pipeline.php(53): Illuminate\\Pipeline\\Pipeline->Illuminate\\Pipeline\\{closure}(Object(Illuminate\\Http\\Request))
#30 C:\\xampp\\htdocs\\pallav\\ultimatepos217\\UltimatePOS-CodeBase-V2.17\\vendor\\laravel\\framework\\src\\Illuminate\\Session\\Middleware\\StartSession.php(63): Illuminate\\Routing\\Pipeline->Illuminate\\Routing\\{closure}(Object(Illuminate\\Http\\Request))
#31 C:\\xampp\\htdocs\\pallav\\ultimatepos217\\UltimatePOS-CodeBase-V2.17\\vendor\\laravel\\framework\\src\\Illuminate\\Pipeline\\Pipeline.php(163): Illuminate\\Session\\Middleware\\StartSession->handle(Object(Illuminate\\Http\\Request), Object(Closure))
#32 C:\\xampp\\htdocs\\pallav\\ultimatepos217\\UltimatePOS-CodeBase-V2.17\\vendor\\laravel\\framework\\src\\Illuminate\\Routing\\Pipeline.php(53): Illuminate\\Pipeline\\Pipeline->Illuminate\\Pipeline\\{closure}(Object(Illuminate\\Http\\Request))
#33 C:\\xampp\\htdocs\\pallav\\ultimatepos217\\UltimatePOS-CodeBase-V2.17\\vendor\\laravel\\framework\\src\\Illuminate\\Cookie\\Middleware\\AddQueuedCookiesToResponse.php(37): Illuminate\\Routing\\Pipeline->Illuminate\\Routing\\{closure}(Object(Illuminate\\Http\\Request))
#34 C:\\xampp\\htdocs\\pallav\\ultimatepos217\\UltimatePOS-CodeBase-V2.17\\vendor\\laravel\\framework\\src\\Illuminate\\Pipeline\\Pipeline.php(163): Illuminate\\Cookie\\Middleware\\AddQueuedCookiesToResponse->handle(Object(Illuminate\\Http\\Request), Object(Closure))
#35 C:\\xampp\\htdocs\\pallav\\ultimatepos217\\UltimatePOS-CodeBase-V2.17\\vendor\\laravel\\framework\\src\\Illuminate\\Routing\\Pipeline.php(53): Illuminate\\Pipeline\\Pipeline->Illuminate\\Pipeline\\{closure}(Object(Illuminate\\Http\\Request))
#36 C:\\xampp\\htdocs\\pallav\\ultimatepos217\\UltimatePOS-CodeBase-V2.17\\vendor\\laravel\\framework\\src\\Illuminate\\Cookie\\Middleware\\EncryptCookies.php(66): Illuminate\\Routing\\Pipeline->Illuminate\\Routing\\{closure}(Object(Illuminate\\Http\\Request))
#37 C:\\xampp\\htdocs\\pallav\\ultimatepos217\\UltimatePOS-CodeBase-V2.17\\vendor\\laravel\\framework\\src\\Illuminate\\Pipeline\\Pipeline.php(163): Illuminate\\Cookie\\Middleware\\EncryptCookies->handle(Object(Illuminate\\Http\\Request), Object(Closure))
#38 C:\\xampp\\htdocs\\pallav\\ultimatepos217\\UltimatePOS-CodeBase-V2.17\\vendor\\laravel\\framework\\src\\Illuminate\\Routing\\Pipeline.php(53): Illuminate\\Pipeline\\Pipeline->Illuminate\\Pipeline\\{closure}(Object(Illuminate\\Http\\Request))
#39 C:\\xampp\\htdocs\\pallav\\ultimatepos217\\UltimatePOS-CodeBase-V2.17\\vendor\\laravel\\framework\\src\\Illuminate\\Pipeline\\Pipeline.php(104): Illuminate\\Routing\\Pipeline->Illuminate\\Routing\\{closure}(Object(Illuminate\\Http\\Request))
#40 C:\\xampp\\htdocs\\pallav\\ultimatepos217\\UltimatePOS-CodeBase-V2.17\\vendor\\laravel\\framework\\src\\Illuminate\\Routing\\Router.php(684): Illuminate\\Pipeline\\Pipeline->then(Object(Closure))
#41 C:\\xampp\\htdocs\\pallav\\ultimatepos217\\UltimatePOS-CodeBase-V2.17\\vendor\\laravel\\framework\\src\\Illuminate\\Routing\\Router.php(659): Illuminate\\Routing\\Router->runRouteWithinStack(Object(Illuminate\\Routing\\Route), Object(Illuminate\\Http\\Request))
#42 C:\\xampp\\htdocs\\pallav\\ultimatepos217\\UltimatePOS-CodeBase-V2.17\\vendor\\laravel\\framework\\src\\Illuminate\\Routing\\Router.php(625): Illuminate\\Routing\\Router->runRoute(Object(Illuminate\\Http\\Request), Object(Illuminate\\Routing\\Route))
#43 C:\\xampp\\htdocs\\pallav\\ultimatepos217\\UltimatePOS-CodeBase-V2.17\\vendor\\laravel\\framework\\src\\Illuminate\\Routing\\Router.php(614): Illuminate\\Routing\\Router->dispatchToRoute(Object(Illuminate\\Http\\Request))
#44 C:\\xampp\\htdocs\\pallav\\ultimatepos217\\UltimatePOS-CodeBase-V2.17\\vendor\\laravel\\framework\\src\\Illuminate\\Foundation\\Http\\Kernel.php(176): Illuminate\\Routing\\Router->dispatch(Object(Illuminate\\Http\\Request))
#45 C:\\xampp\\htdocs\\pallav\\ultimatepos217\\UltimatePOS-CodeBase-V2.17\\vendor\\laravel\\framework\\src\\Illuminate\\Routing\\Pipeline.php(30): Illuminate\\Foundation\\Http\\Kernel->Illuminate\\Foundation\\Http\\{closure}(Object(Illuminate\\Http\\Request))
#46 C:\\xampp\\htdocs\\pallav\\ultimatepos217\\UltimatePOS-CodeBase-V2.17\\vendor\\barryvdh\\laravel-debugbar\\src\\Middleware\\InjectDebugbar.php(58): Illuminate\\Routing\\Pipeline->Illuminate\\Routing\\{closure}(Object(Illuminate\\Http\\Request))
#47 C:\\xampp\\htdocs\\pallav\\ultimatepos217\\UltimatePOS-CodeBase-V2.17\\vendor\\laravel\\framework\\src\\Illuminate\\Pipeline\\Pipeline.php(163): Barryvdh\\Debugbar\\Middleware\\InjectDebugbar->handle(Object(Illuminate\\Http\\Request), Object(Closure))
#48 C:\\xampp\\htdocs\\pallav\\ultimatepos217\\UltimatePOS-CodeBase-V2.17\\vendor\\laravel\\framework\\src\\Illuminate\\Routing\\Pipeline.php(53): Illuminate\\Pipeline\\Pipeline->Illuminate\\Pipeline\\{closure}(Object(Illuminate\\Http\\Request))
#49 C:\\xampp\\htdocs\\pallav\\ultimatepos217\\UltimatePOS-CodeBase-V2.17\\vendor\\fideloper\\proxy\\src\\TrustProxies.php(57): Illuminate\\Routing\\Pipeline->Illuminate\\Routing\\{closure}(Object(Illuminate\\Http\\Request))
#50 C:\\xampp\\htdocs\\pallav\\ultimatepos217\\UltimatePOS-CodeBase-V2.17\\vendor\\laravel\\framework\\src\\Illuminate\\Pipeline\\Pipeline.php(163): Fideloper\\Proxy\\TrustProxies->handle(Object(Illuminate\\Http\\Request), Object(Closure))
#51 C:\\xampp\\htdocs\\pallav\\ultimatepos217\\UltimatePOS-CodeBase-V2.17\\vendor\\laravel\\framework\\src\\Illuminate\\Routing\\Pipeline.php(53): Illuminate\\Pipeline\\Pipeline->Illuminate\\Pipeline\\{closure}(Object(Illuminate\\Http\\Request))
#52 C:\\xampp\\htdocs\\pallav\\ultimatepos217\\UltimatePOS-CodeBase-V2.17\\vendor\\laravel\\framework\\src\\Illuminate\\Foundation\\Http\\Middleware\\TransformsRequest.php(31): Illuminate\\Routing\\Pipeline->Illuminate\\Routing\\{closure}(Object(Illuminate\\Http\\Request))
#53 C:\\xampp\\htdocs\\pallav\\ultimatepos217\\UltimatePOS-CodeBase-V2.17\\vendor\\laravel\\framework\\src\\Illuminate\\Pipeline\\Pipeline.php(163): Illuminate\\Foundation\\Http\\Middleware\\TransformsRequest->handle(Object(Illuminate\\Http\\Request), Object(Closure))
#54 C:\\xampp\\htdocs\\pallav\\ultimatepos217\\UltimatePOS-CodeBase-V2.17\\vendor\\laravel\\framework\\src\\Illuminate\\Routing\\Pipeline.php(53): Illuminate\\Pipeline\\Pipeline->Illuminate\\Pipeline\\{closure}(Object(Illuminate\\Http\\Request))
#55 C:\\xampp\\htdocs\\pallav\\ultimatepos217\\UltimatePOS-CodeBase-V2.17\\vendor\\laravel\\framework\\src\\Illuminate\\Foundation\\Http\\Middleware\\TransformsRequest.php(31): Illuminate\\Routing\\Pipeline->Illuminate\\Routing\\{closure}(Object(Illuminate\\Http\\Request))
#56 C:\\xampp\\htdocs\\pallav\\ultimatepos217\\UltimatePOS-CodeBase-V2.17\\vendor\\laravel\\framework\\src\\Illuminate\\Pipeline\\Pipeline.php(163): Illuminate\\Foundation\\Http\\Middleware\\TransformsRequest->handle(Object(Illuminate\\Http\\Request), Object(Closure))
#57 C:\\xampp\\htdocs\\pallav\\ultimatepos217\\UltimatePOS-CodeBase-V2.17\\vendor\\laravel\\framework\\src\\Illuminate\\Routing\\Pipeline.php(53): Illuminate\\Pipeline\\Pipeline->Illuminate\\Pipeline\\{closure}(Object(Illuminate\\Http\\Request))
#58 C:\\xampp\\htdocs\\pallav\\ultimatepos217\\UltimatePOS-CodeBase-V2.17\\vendor\\laravel\\framework\\src\\Illuminate\\Foundation\\Http\\Middleware\\ValidatePostSize.php(27): Illuminate\\Routing\\Pipeline->Illuminate\\Routing\\{closure}(Object(Illuminate\\Http\\Request))
#59 C:\\xampp\\htdocs\\pallav\\ultimatepos217\\UltimatePOS-CodeBase-V2.17\\vendor\\laravel\\framework\\src\\Illuminate\\Pipeline\\Pipeline.php(163): Illuminate\\Foundation\\Http\\Middleware\\ValidatePostSize->handle(Object(Illuminate\\Http\\Request), Object(Closure))
#60 C:\\xampp\\htdocs\\pallav\\ultimatepos217\\UltimatePOS-CodeBase-V2.17\\vendor\\laravel\\framework\\src\\Illuminate\\Routing\\Pipeline.php(53): Illuminate\\Pipeline\\Pipeline->Illuminate\\Pipeline\\{closure}(Object(Illuminate\\Http\\Request))
#61 C:\\xampp\\htdocs\\pallav\\ultimatepos217\\UltimatePOS-CodeBase-V2.17\\vendor\\laravel\\framework\\src\\Illuminate\\Foundation\\Http\\Middleware\\CheckForMaintenanceMode.php(62): Illuminate\\Routing\\Pipeline->Illuminate\\Routing\\{closure}(Object(Illuminate\\Http\\Request))
#62 C:\\xampp\\htdocs\\pallav\\ultimatepos217\\UltimatePOS-CodeBase-V2.17\\vendor\\laravel\\framework\\src\\Illuminate\\Pipeline\\Pipeline.php(163): Illuminate\\Foundation\\Http\\Middleware\\CheckForMaintenanceMode->handle(Object(Illuminate\\Http\\Request), Object(Closure))
#63 C:\\xampp\\htdocs\\pallav\\ultimatepos217\\UltimatePOS-CodeBase-V2.17\\vendor\\laravel\\framework\\src\\Illuminate\\Routing\\Pipeline.php(53): Illuminate\\Pipeline\\Pipeline->Illuminate\\Pipeline\\{closure}(Object(Illuminate\\Http\\Request))
#64 C:\\xampp\\htdocs\\pallav\\ultimatepos217\\UltimatePOS-CodeBase-V2.17\\vendor\\laravel\\framework\\src\\Illuminate\\Pipeline\\Pipeline.php(104): Illuminate\\Routing\\Pipeline->Illuminate\\Routing\\{closure}(Object(Illuminate\\Http\\Request))
#65 C:\\xampp\\htdocs\\pallav\\ultimatepos217\\UltimatePOS-CodeBase-V2.17\\vendor\\laravel\\framework\\src\\Illuminate\\Foundation\\Http\\Kernel.php(151): Illuminate\\Pipeline\\Pipeline->then(Object(Closure))
#66 C:\\xampp\\htdocs\\pallav\\ultimatepos217\\UltimatePOS-CodeBase-V2.17\\vendor\\laravel\\framework\\src\\Illuminate\\Foundation\\Http\\Kernel.php(116): Illuminate\\Foundation\\Http\\Kernel->sendRequestThroughRouter(Object(Illuminate\\Http\\Request))
#67 C:\\xampp\\htdocs\\pallav\\ultimatepos217\\UltimatePOS-CodeBase-V2.17\\public\\index.php(53): Illuminate\\Foundation\\Http\\Kernel->handle(Object(Illuminate\\Http\\Request))
#68 {main}
"} 
